<?xml version="1.0" encoding="UTF-8"?>
<testng-results total="2" passed="2" failed="0" skipped="0">
  <reporter-output>
  </reporter-output>
  <suite started-at="2022-07-19T04:46:12Z" name="Default suite" finished-at="2022-07-19T04:46:13Z" duration-ms="73">
    <groups>
    </groups>
    <test started-at="2022-07-19T04:46:12Z" name="Default test" finished-at="2022-07-19T04:46:13Z" duration-ms="73">
      <class name="com.Testng.practice.PracticeTest">
        <test-method signature="Test1()[pri:1, instance:com.Testng.practice.PracticeTest@be68757]" started-at="2022-07-19T10:16:13Z" name="Test1" finished-at="2022-07-19T10:16:13Z" duration-ms="21" status="PASS">
          <reporter-output>
          </reporter-output>
        </test-method> <!-- Test1 -->
        <test-method signature="Test2()[pri:2, instance:com.Testng.practice.PracticeTest@be68757]" started-at="2022-07-19T10:16:13Z" name="Test2" finished-at="2022-07-19T10:16:13Z" duration-ms="2" status="PASS">
          <reporter-output>
          </reporter-output>
        </test-method> <!-- Test2 -->
      </class> <!-- com.Testng.practice.PracticeTest -->
    </test> <!-- Default test -->
  </suite> <!-- Default suite -->
</testng-results>
